{"C:\\Users\\Rodolfho\\Documents\\projetos\\react projects\\react-clean-arq\\src\\data\\protocols\\http\\http-response.ts": {"path":"C:\\Users\\Rodolfho\\Documents\\projetos\\react projects\\react-clean-arq\\src\\data\\protocols\\http\\http-response.ts","statementMap":{"0":{"start":{"line":1,"column":0},"end":{"line":1,"column":null}},"1":{"start":{"line":2,"column":2},"end":{"line":2,"column":null}},"2":{"start":{"line":3,"column":2},"end":{"line":3,"column":null}},"3":{"start":{"line":4,"column":2},"end":{"line":4,"column":null}},"4":{"start":{"line":5,"column":2},"end":{"line":5,"column":null}},"5":{"start":{"line":6,"column":2},"end":{"line":6,"column":null}},"6":{"start":{"line":7,"column":2},"end":{"line":7,"column":null}},"7":{"start":{"line":8,"column":2},"end":{"line":8,"column":null}}},"fnMap":{"0":{"name":"(anonymous_0)","decl":{"start":{"line":1,"column":0},"end":{"line":1,"column":12}},"loc":{"start":{"line":1,"column":26},"end":{"line":9,"column":1}}}},"branchMap":{"0":{"loc":{"start":{"line":1,"column":12},"end":{"line":1,"column":null}},"type":"binary-expr","locations":[{"start":{"line":1,"column":12},"end":{"line":1,"column":26}},{"start":{"line":1,"column":26},"end":{"line":1,"column":null}}]}},"s":{"0":3,"1":3,"2":3,"3":3,"4":3,"5":3,"6":3,"7":3},"f":{"0":3},"b":{"0":[3,3]}}
,"C:\\Users\\Rodolfho\\Documents\\projetos\\react projects\\react-clean-arq\\src\\data\\tests\\mock-http.ts": {"path":"C:\\Users\\Rodolfho\\Documents\\projetos\\react projects\\react-clean-arq\\src\\data\\tests\\mock-http.ts","statementMap":{"0":{"start":{"line":1,"column":0},"end":{"line":1,"column":40}},"1":{"start":{"line":3,"column":0},"end":{"line":3,"column":79}},"2":{"start":{"line":5,"column":31},"end":{"line":10,"column":2}},"3":{"start":{"line":5,"column":59},"end":{"line":10,"column":2}},"4":{"start":{"line":5,"column":13},"end":{"line":5,"column":31}},"5":{"start":{"line":13,"column":2},"end":{"line":13,"column":null}},"6":{"start":{"line":14,"column":2},"end":{"line":14,"column":null}},"7":{"start":{"line":15,"column":2},"end":{"line":17,"column":null}},"8":{"start":{"line":20,"column":4},"end":{"line":20,"column":26}},"9":{"start":{"line":21,"column":4},"end":{"line":21,"column":28}},"10":{"start":{"line":22,"column":4},"end":{"line":22,"column":42}},"11":{"start":{"line":12,"column":0},"end":{"line":12,"column":13}}},"fnMap":{"0":{"name":"(anonymous_0)","decl":{"start":{"line":5,"column":31},"end":{"line":5,"column":55}},"loc":{"start":{"line":5,"column":59},"end":{"line":10,"column":2}}},"1":{"name":"(anonymous_1)","decl":{"start":{"line":12,"column":0},"end":{"line":12,"column":13}},"loc":{"start":{"line":12,"column":0},"end":{"line":24,"column":1}}},"2":{"name":"(anonymous_2)","decl":{"start":{"line":19,"column":2},"end":{"line":19,"column":7}},"loc":{"start":{"line":19,"column":38},"end":{"line":23,"column":3}}}},"branchMap":{},"s":{"0":3,"1":3,"2":3,"3":3,"4":3,"5":14,"6":14,"7":14,"8":14,"9":14,"10":14,"11":3},"f":{"0":3,"1":14,"2":14},"b":{}}
,"C:\\Users\\Rodolfho\\Documents\\projetos\\react projects\\react-clean-arq\\src\\data\\tests\\mock-storage.ts": {"path":"C:\\Users\\Rodolfho\\Documents\\projetos\\react projects\\react-clean-arq\\src\\data\\tests\\mock-storage.ts","statementMap":{"0":{"start":{"line":4,"column":2},"end":{"line":4,"column":null}},"1":{"start":{"line":5,"column":2},"end":{"line":5,"column":null}},"2":{"start":{"line":8,"column":4},"end":{"line":8,"column":19}},"3":{"start":{"line":9,"column":4},"end":{"line":9,"column":23}},"4":{"start":{"line":3,"column":0},"end":{"line":3,"column":13}}},"fnMap":{"0":{"name":"(anonymous_0)","decl":{"start":{"line":3,"column":0},"end":{"line":3,"column":13}},"loc":{"start":{"line":3,"column":0},"end":{"line":11,"column":1}}},"1":{"name":"(anonymous_1)","decl":{"start":{"line":7,"column":2},"end":{"line":7,"column":7}},"loc":{"start":{"line":7,"column":38},"end":{"line":10,"column":3}}}},"branchMap":{},"s":{"0":2,"1":2,"2":1,"3":1,"4":1},"f":{"0":2,"1":1},"b":{}}
,"C:\\Users\\Rodolfho\\Documents\\projetos\\react projects\\react-clean-arq\\src\\data\\usecases\\add-account\\remote-add-account.ts": {"path":"C:\\Users\\Rodolfho\\Documents\\projetos\\react projects\\react-clean-arq\\src\\data\\usecases\\add-account\\remote-add-account.ts","statementMap":{"0":{"start":{"line":1,"column":0},"end":{"line":1,"column":75}},"1":{"start":{"line":2,"column":0},"end":{"line":2,"column":73}},"2":{"start":{"line":6,"column":0},"end":{"line":6,"column":68}},"3":{"start":{"line":10,"column":4},"end":{"line":10,"column":null}},"4":{"start":{"line":11,"column":4},"end":{"line":11,"column":null}},"5":{"start":{"line":15,"column":21},"end":{"line":15,"column":84}},"6":{"start":{"line":16,"column":4},"end":{"line":23,"column":5}},"7":{"start":{"line":18,"column":8},"end":{"line":18,"column":56}},"8":{"start":{"line":18,"column":28},"end":{"line":18,"column":56}},"9":{"start":{"line":19,"column":8},"end":{"line":19,"column":29}},"10":{"start":{"line":20,"column":37},"end":{"line":20,"column":65}},"11":{"start":{"line":21,"column":38},"end":{"line":21,"column":66}},"12":{"start":{"line":22,"column":15},"end":{"line":22,"column":43}},"13":{"start":{"line":8,"column":0},"end":{"line":8,"column":13}}},"fnMap":{"0":{"name":"(anonymous_0)","decl":{"start":{"line":9,"column":2},"end":{"line":9,"column":null}},"loc":{"start":{"line":11,"column":74},"end":{"line":12,"column":5}}},"1":{"name":"(anonymous_1)","decl":{"start":{"line":14,"column":2},"end":{"line":14,"column":7}},"loc":{"start":{"line":14,"column":36},"end":{"line":24,"column":3}}}},"branchMap":{"0":{"loc":{"start":{"line":16,"column":4},"end":{"line":23,"column":5}},"type":"switch","locations":[{"start":{"line":17,"column":6},"end":{"line":19,"column":29}},{"start":{"line":20,"column":6},"end":{"line":20,"column":65}},{"start":{"line":21,"column":6},"end":{"line":21,"column":66}},{"start":{"line":22,"column":6},"end":{"line":22,"column":43}}]},"1":{"loc":{"start":{"line":18,"column":8},"end":{"line":18,"column":56}},"type":"if","locations":[{"start":{"line":18,"column":8},"end":{"line":18,"column":56}}]}},"s":{"0":1,"1":1,"2":1,"3":7,"4":7,"5":7,"6":7,"7":3,"8":0,"9":3,"10":1,"11":1,"12":2,"13":1},"f":{"0":7,"1":7},"b":{"0":[3,1,1,2],"1":[0]}}
,"C:\\Users\\Rodolfho\\Documents\\projetos\\react projects\\react-clean-arq\\src\\data\\usecases\\authentication\\remote-authentication.ts": {"path":"C:\\Users\\Rodolfho\\Documents\\projetos\\react projects\\react-clean-arq\\src\\data\\usecases\\authentication\\remote-authentication.ts","statementMap":{"0":{"start":{"line":1,"column":0},"end":{"line":1,"column":90}},"1":{"start":{"line":2,"column":0},"end":{"line":2,"column":73}},"2":{"start":{"line":6,"column":0},"end":{"line":6,"column":68}},"3":{"start":{"line":10,"column":4},"end":{"line":10,"column":null}},"4":{"start":{"line":11,"column":4},"end":{"line":11,"column":null}},"5":{"start":{"line":15,"column":25},"end":{"line":15,"column":88}},"6":{"start":{"line":16,"column":4},"end":{"line":26,"column":5}},"7":{"start":{"line":18,"column":8},"end":{"line":20,"column":9}},"8":{"start":{"line":19,"column":10},"end":{"line":19,"column":38}},"9":{"start":{"line":21,"column":8},"end":{"line":21,"column":33}},"10":{"start":{"line":23,"column":8},"end":{"line":23,"column":44}},"11":{"start":{"line":25,"column":8},"end":{"line":25,"column":36}},"12":{"start":{"line":8,"column":0},"end":{"line":8,"column":13}}},"fnMap":{"0":{"name":"(anonymous_0)","decl":{"start":{"line":9,"column":2},"end":{"line":9,"column":null}},"loc":{"start":{"line":11,"column":78},"end":{"line":12,"column":7}}},"1":{"name":"(anonymous_1)","decl":{"start":{"line":14,"column":2},"end":{"line":14,"column":7}},"loc":{"start":{"line":14,"column":41},"end":{"line":27,"column":3}}}},"branchMap":{"0":{"loc":{"start":{"line":16,"column":4},"end":{"line":26,"column":5}},"type":"switch","locations":[{"start":{"line":17,"column":6},"end":{"line":21,"column":33}},{"start":{"line":22,"column":6},"end":{"line":23,"column":44}},{"start":{"line":24,"column":6},"end":{"line":25,"column":36}}]},"1":{"loc":{"start":{"line":18,"column":8},"end":{"line":20,"column":9}},"type":"if","locations":[{"start":{"line":18,"column":8},"end":{"line":20,"column":9}}]}},"s":{"0":1,"1":1,"2":1,"3":7,"4":7,"5":7,"6":7,"7":3,"8":2,"9":1,"10":1,"11":3,"12":1},"f":{"0":7,"1":7},"b":{"0":[3,1,3],"1":[2]}}
,"C:\\Users\\Rodolfho\\Documents\\projetos\\react projects\\react-clean-arq\\src\\data\\usecases\\save-access-token\\local-save-access-token.ts": {"path":"C:\\Users\\Rodolfho\\Documents\\projetos\\react projects\\react-clean-arq\\src\\data\\usecases\\save-access-token\\local-save-access-token.ts","statementMap":{"0":{"start":{"line":6,"column":14},"end":{"line":6,"column":47}},"1":{"start":{"line":9,"column":4},"end":{"line":9,"column":58}},"2":{"start":{"line":4,"column":0},"end":{"line":4,"column":13}}},"fnMap":{"0":{"name":"(anonymous_0)","decl":{"start":{"line":6,"column":2},"end":{"line":6,"column":14}},"loc":{"start":{"line":6,"column":44},"end":{"line":6,"column":48}}},"1":{"name":"(anonymous_1)","decl":{"start":{"line":8,"column":2},"end":{"line":8,"column":7}},"loc":{"start":{"line":8,"column":32},"end":{"line":10,"column":3}}}},"branchMap":{},"s":{"0":2,"1":2,"2":1},"f":{"0":2,"1":2},"b":{}}
,"C:\\Users\\Rodolfho\\Documents\\projetos\\react projects\\react-clean-arq\\src\\domain\\error\\email-in-use-error.ts": {"path":"C:\\Users\\Rodolfho\\Documents\\projetos\\react projects\\react-clean-arq\\src\\domain\\error\\email-in-use-error.ts","statementMap":{"0":{"start":{"line":3,"column":4},"end":{"line":3,"column":33}},"1":{"start":{"line":4,"column":4},"end":{"line":4,"column":34}},"2":{"start":{"line":1,"column":0},"end":{"line":1,"column":13}}},"fnMap":{"0":{"name":"(anonymous_0)","decl":{"start":{"line":2,"column":2},"end":{"line":2,"column":null}},"loc":{"start":{"line":2,"column":2},"end":{"line":5,"column":3}}}},"branchMap":{},"s":{"0":2,"1":2,"2":1},"f":{"0":2},"b":{}}
,"C:\\Users\\Rodolfho\\Documents\\projetos\\react projects\\react-clean-arq\\src\\domain\\error\\invalid-credentials-error.ts": {"path":"C:\\Users\\Rodolfho\\Documents\\projetos\\react projects\\react-clean-arq\\src\\domain\\error\\invalid-credentials-error.ts","statementMap":{"0":{"start":{"line":3,"column":4},"end":{"line":3,"column":35}},"1":{"start":{"line":4,"column":4},"end":{"line":4,"column":null}},"2":{"start":{"line":1,"column":0},"end":{"line":1,"column":13}}},"fnMap":{"0":{"name":"(anonymous_0)","decl":{"start":{"line":2,"column":2},"end":{"line":2,"column":null}},"loc":{"start":{"line":2,"column":2},"end":{"line":5,"column":3}}}},"branchMap":{},"s":{"0":3,"1":3,"2":2},"f":{"0":3},"b":{}}
,"C:\\Users\\Rodolfho\\Documents\\projetos\\react projects\\react-clean-arq\\src\\domain\\error\\unexpected-error.ts": {"path":"C:\\Users\\Rodolfho\\Documents\\projetos\\react projects\\react-clean-arq\\src\\domain\\error\\unexpected-error.ts","statementMap":{"0":{"start":{"line":3,"column":4},"end":{"line":3,"column":60}},"1":{"start":{"line":4,"column":4},"end":{"line":4,"column":null}},"2":{"start":{"line":1,"column":0},"end":{"line":1,"column":13}}},"fnMap":{"0":{"name":"(anonymous_0)","decl":{"start":{"line":2,"column":2},"end":{"line":2,"column":null}},"loc":{"start":{"line":2,"column":2},"end":{"line":5,"column":3}}}},"branchMap":{},"s":{"0":16,"1":16,"2":2},"f":{"0":16},"b":{}}
,"C:\\Users\\Rodolfho\\Documents\\projetos\\react projects\\react-clean-arq\\src\\domain\\tests\\mock-account.ts": {"path":"C:\\Users\\Rodolfho\\Documents\\projetos\\react projects\\react-clean-arq\\src\\domain\\tests\\mock-account.ts","statementMap":{"0":{"start":{"line":3,"column":0},"end":{"line":3,"column":40}},"1":{"start":{"line":5,"column":34},"end":{"line":8,"column":2}},"2":{"start":{"line":5,"column":63},"end":{"line":8,"column":2}},"3":{"start":{"line":5,"column":13},"end":{"line":5,"column":34}},"4":{"start":{"line":10,"column":32},"end":{"line":12,"column":2}},"5":{"start":{"line":10,"column":53},"end":{"line":12,"column":2}},"6":{"start":{"line":10,"column":13},"end":{"line":10,"column":32}}},"fnMap":{"0":{"name":"(anonymous_0)","decl":{"start":{"line":5,"column":34},"end":{"line":5,"column":59}},"loc":{"start":{"line":5,"column":63},"end":{"line":8,"column":2}}},"1":{"name":"(anonymous_1)","decl":{"start":{"line":10,"column":32},"end":{"line":10,"column":49}},"loc":{"start":{"line":10,"column":53},"end":{"line":12,"column":2}}}},"branchMap":{},"s":{"0":2,"1":2,"2":7,"3":2,"4":2,"5":2,"6":2},"f":{"0":7,"1":2},"b":{}}
,"C:\\Users\\Rodolfho\\Documents\\projetos\\react projects\\react-clean-arq\\src\\domain\\tests\\mock-add-account.ts": {"path":"C:\\Users\\Rodolfho\\Documents\\projetos\\react projects\\react-clean-arq\\src\\domain\\tests\\mock-add-account.ts","statementMap":{"0":{"start":{"line":2,"column":0},"end":{"line":2,"column":40}},"1":{"start":{"line":4,"column":36},"end":{"line":12,"column":1}},"2":{"start":{"line":5,"column":19},"end":{"line":5,"column":44}},"3":{"start":{"line":6,"column":2},"end":{"line":11,"column":null}},"4":{"start":{"line":4,"column":13},"end":{"line":4,"column":36}}},"fnMap":{"0":{"name":"(anonymous_0)","decl":{"start":{"line":4,"column":36},"end":{"line":4,"column":57}},"loc":{"start":{"line":4,"column":59},"end":{"line":12,"column":1}}}},"branchMap":{},"s":{"0":1,"1":1,"2":7,"3":7,"4":1},"f":{"0":7},"b":{}}
,"C:\\Users\\Rodolfho\\Documents\\projetos\\react projects\\react-clean-arq\\src\\infra\\cache\\local-storage-adapter.ts": {"path":"C:\\Users\\Rodolfho\\Documents\\projetos\\react projects\\react-clean-arq\\src\\infra\\cache\\local-storage-adapter.ts","statementMap":{"0":{"start":{"line":5,"column":4},"end":{"line":5,"column":37}},"1":{"start":{"line":3,"column":0},"end":{"line":3,"column":13}}},"fnMap":{"0":{"name":"(anonymous_0)","decl":{"start":{"line":4,"column":2},"end":{"line":4,"column":7}},"loc":{"start":{"line":4,"column":38},"end":{"line":6,"column":3}}}},"branchMap":{},"s":{"0":1,"1":1},"f":{"0":1},"b":{}}
,"C:\\Users\\Rodolfho\\Documents\\projetos\\react projects\\react-clean-arq\\src\\infra\\http\\axios-http-client\\axios-http-client.ts": {"path":"C:\\Users\\Rodolfho\\Documents\\projetos\\react projects\\react-clean-arq\\src\\infra\\http\\axios-http-client\\axios-http-client.ts","statementMap":{"0":{"start":{"line":2,"column":0},"end":{"line":2,"column":45}},"1":{"start":{"line":8,"column":4},"end":{"line":12,"column":5}},"2":{"start":{"line":9,"column":6},"end":{"line":9,"column":63}},"3":{"start":{"line":11,"column":6},"end":{"line":11,"column":36}},"4":{"start":{"line":13,"column":4},"end":{"line":16,"column":6}},"5":{"start":{"line":5,"column":0},"end":{"line":5,"column":13}}},"fnMap":{"0":{"name":"(anonymous_1)","decl":{"start":{"line":6,"column":2},"end":{"line":6,"column":7}},"loc":{"start":{"line":6,"column":40},"end":{"line":17,"column":3}}}},"branchMap":{},"s":{"0":1,"1":3,"2":3,"3":1,"4":3,"5":1},"f":{"0":3},"b":{}}
,"C:\\Users\\Rodolfho\\Documents\\projetos\\react projects\\react-clean-arq\\src\\infra\\test\\mock-axios.ts": {"path":"C:\\Users\\Rodolfho\\Documents\\projetos\\react projects\\react-clean-arq\\src\\infra\\test\\mock-axios.ts","statementMap":{"0":{"start":{"line":1,"column":0},"end":{"line":1,"column":26}},"1":{"start":{"line":2,"column":0},"end":{"line":2,"column":40}},"2":{"start":{"line":4,"column":25},"end":{"line":11,"column":1}},"3":{"start":{"line":5,"column":22},"end":{"line":5,"column":56}},"4":{"start":{"line":6,"column":2},"end":{"line":9,"column":5}},"5":{"start":{"line":10,"column":2},"end":{"line":10,"column":21}},"6":{"start":{"line":4,"column":13},"end":{"line":4,"column":25}}},"fnMap":{"0":{"name":"(anonymous_1)","decl":{"start":{"line":4,"column":25},"end":{"line":4,"column":56}},"loc":{"start":{"line":4,"column":58},"end":{"line":11,"column":1}}}},"branchMap":{},"s":{"0":1,"1":1,"2":1,"3":3,"4":3,"5":3,"6":1},"f":{"0":3},"b":{}}
,"C:\\Users\\Rodolfho\\Documents\\projetos\\react projects\\react-clean-arq\\src\\main\\factories\\pages\\login\\login-validation-factory.ts": {"path":"C:\\Users\\Rodolfho\\Documents\\projetos\\react projects\\react-clean-arq\\src\\main\\factories\\pages\\login\\login-validation-factory.ts","statementMap":{"0":{"start":{"line":1,"column":0},"end":{"line":1,"column":97}},"1":{"start":{"line":2,"column":0},"end":{"line":2,"column":114}},"2":{"start":{"line":5,"column":2},"end":{"line":8,"column":5}},"3":{"start":{"line":4,"column":0},"end":{"line":4,"column":16}}},"fnMap":{"0":{"name":"makeLoginValidation","decl":{"start":{"line":4,"column":16},"end":{"line":4,"column":35}},"loc":{"start":{"line":4,"column":35},"end":{"line":9,"column":1}}}},"branchMap":{},"s":{"0":1,"1":1,"2":1,"3":1},"f":{"0":1},"b":{}}
,"C:\\Users\\Rodolfho\\Documents\\projetos\\react projects\\react-clean-arq\\src\\presentation\\components\\footer\\footer.tsx": {"path":"C:\\Users\\Rodolfho\\Documents\\projetos\\react projects\\react-clean-arq\\src\\presentation\\components\\footer\\footer.tsx","statementMap":{"0":{"start":{"line":1,"column":0},"end":{"line":1,"column":29}},"1":{"start":{"line":2,"column":0},"end":{"line":2,"column":42}},"2":{"start":{"line":4,"column":13},"end":{"line":8,"column":3}},"3":{"start":{"line":5,"column":2},"end":{"line":7,"column":null}}},"fnMap":{"0":{"name":"Footer","decl":{"start":{"line":4,"column":36},"end":{"line":4,"column":42}},"loc":{"start":{"line":4,"column":42},"end":{"line":8,"column":1}}}},"branchMap":{},"s":{"0":1,"1":1,"2":1,"3":14},"f":{"0":14},"b":{}}
,"C:\\Users\\Rodolfho\\Documents\\projetos\\react projects\\react-clean-arq\\src\\presentation\\components\\form-status\\form-status.tsx": {"path":"C:\\Users\\Rodolfho\\Documents\\projetos\\react projects\\react-clean-arq\\src\\presentation\\components\\form-status\\form-status.tsx","statementMap":{"0":{"start":{"line":1,"column":0},"end":{"line":1,"column":35}},"1":{"start":{"line":2,"column":0},"end":{"line":2,"column":45}},"2":{"start":{"line":3,"column":0},"end":{"line":3,"column":47}},"3":{"start":{"line":4,"column":0},"end":{"line":4,"column":55}},"4":{"start":{"line":7,"column":20},"end":{"line":7,"column":39}},"5":{"start":{"line":9,"column":2},"end":{"line":14,"column":null}},"6":{"start":{"line":6,"column":0},"end":{"line":6,"column":16}}},"fnMap":{"0":{"name":"FormStatus","decl":{"start":{"line":6,"column":16},"end":{"line":6,"column":26}},"loc":{"start":{"line":6,"column":26},"end":{"line":15,"column":1}}}},"branchMap":{"0":{"loc":{"start":{"line":11,"column":7},"end":{"line":11,"column":37}},"type":"binary-expr","locations":[{"start":{"line":11,"column":7},"end":{"line":11,"column":22}},{"start":{"line":11,"column":26},"end":{"line":11,"column":37}}]},"1":{"loc":{"start":{"line":12,"column":7},"end":{"line":12,"column":98}},"type":"binary-expr","locations":[{"start":{"line":12,"column":7},"end":{"line":12,"column":18}},{"start":{"line":12,"column":22},"end":{"line":12,"column":98}}]}},"s":{"0":1,"1":1,"2":1,"3":1,"4":668,"5":668,"6":1},"f":{"0":668},"b":{"0":[668,5],"1":[668,1]}}
,"C:\\Users\\Rodolfho\\Documents\\projetos\\react projects\\react-clean-arq\\src\\presentation\\components\\input\\input.tsx": {"path":"C:\\Users\\Rodolfho\\Documents\\projetos\\react projects\\react-clean-arq\\src\\presentation\\components\\input\\input.tsx","statementMap":{"0":{"start":{"line":1,"column":0},"end":{"line":1,"column":35}},"1":{"start":{"line":2,"column":0},"end":{"line":2,"column":55}},"2":{"start":{"line":3,"column":0},"end":{"line":3,"column":41}},"3":{"start":{"line":8,"column":30},"end":{"line":8,"column":49}},"4":{"start":{"line":9,"column":16},"end":{"line":9,"column":53}},"5":{"start":{"line":11,"column":23},"end":{"line":13,"column":3}},"6":{"start":{"line":12,"column":4},"end":{"line":12,"column":68}},"7":{"start":{"line":15,"column":2},"end":{"line":22,"column":null}},"8":{"start":{"line":7,"column":0},"end":{"line":7,"column":16}}},"fnMap":{"0":{"name":"Input","decl":{"start":{"line":7,"column":16},"end":{"line":7,"column":21}},"loc":{"start":{"line":7,"column":39},"end":{"line":23,"column":1}}},"1":{"name":"(anonymous_2)","decl":{"start":{"line":11,"column":23},"end":{"line":11,"column":24}},"loc":{"start":{"line":11,"column":76},"end":{"line":13,"column":3}}}},"branchMap":{"0":{"loc":{"start":{"line":18,"column":56},"end":{"line":18,"column":77}},"type":"binary-expr","locations":[{"start":{"line":18,"column":56},"end":{"line":18,"column":61}},{"start":{"line":18,"column":65},"end":{"line":18,"column":77}}]},"1":{"loc":{"start":{"line":19,"column":9},"end":{"line":19,"column":25}},"type":"cond-expr","locations":[{"start":{"line":19,"column":17},"end":{"line":19,"column":20}},{"start":{"line":19,"column":23},"end":{"line":19,"column":25}}]}},"s":{"0":1,"1":1,"2":1,"3":1336,"4":1336,"5":1336,"6":317,"7":1336,"8":1},"f":{"0":1336,"1":317},"b":{"0":[1336,1164],"1":[172,1164]}}
,"C:\\Users\\Rodolfho\\Documents\\projetos\\react projects\\react-clean-arq\\src\\presentation\\components\\login-header\\login-header.tsx": {"path":"C:\\Users\\Rodolfho\\Documents\\projetos\\react projects\\react-clean-arq\\src\\presentation\\components\\login-header\\login-header.tsx","statementMap":{"0":{"start":{"line":1,"column":0},"end":{"line":1,"column":29}},"1":{"start":{"line":2,"column":0},"end":{"line":2,"column":48}},"2":{"start":{"line":4,"column":13},"end":{"line":10,"column":3}},"3":{"start":{"line":5,"column":2},"end":{"line":9,"column":null}}},"fnMap":{"0":{"name":"LoginHeader","decl":{"start":{"line":4,"column":41},"end":{"line":4,"column":52}},"loc":{"start":{"line":4,"column":52},"end":{"line":10,"column":1}}}},"branchMap":{},"s":{"0":1,"1":1,"2":1,"3":14},"f":{"0":14},"b":{}}
,"C:\\Users\\Rodolfho\\Documents\\projetos\\react projects\\react-clean-arq\\src\\presentation\\components\\spinner\\spinner.tsx": {"path":"C:\\Users\\Rodolfho\\Documents\\projetos\\react projects\\react-clean-arq\\src\\presentation\\components\\spinner\\spinner.tsx","statementMap":{"0":{"start":{"line":1,"column":0},"end":{"line":1,"column":43}},"1":{"start":{"line":4,"column":2},"end":{"line":11,"column":null}},"2":{"start":{"line":3,"column":0},"end":{"line":3,"column":16}}},"fnMap":{"0":{"name":"Spinner","decl":{"start":{"line":3,"column":16},"end":{"line":3,"column":23}},"loc":{"start":{"line":3,"column":23},"end":{"line":12,"column":1}}}},"branchMap":{},"s":{"0":1,"1":5,"2":1},"f":{"0":5},"b":{}}
,"C:\\Users\\Rodolfho\\Documents\\projetos\\react projects\\react-clean-arq\\src\\presentation\\contexts\\form\\form-context.ts": {"path":"C:\\Users\\Rodolfho\\Documents\\projetos\\react projects\\react-clean-arq\\src\\presentation\\contexts\\form\\form-context.ts","statementMap":{"0":{"start":{"line":1,"column":0},"end":{"line":1,"column":38}},"1":{"start":{"line":3,"column":0},"end":{"line":3,"column":40}}},"fnMap":{},"branchMap":{},"s":{"0":1,"1":1},"f":{},"b":{}}
,"C:\\Users\\Rodolfho\\Documents\\projetos\\react projects\\react-clean-arq\\src\\presentation\\pages\\login\\login.tsx": {"path":"C:\\Users\\Rodolfho\\Documents\\projetos\\react projects\\react-clean-arq\\src\\presentation\\pages\\login\\login.tsx","statementMap":{"0":{"start":{"line":1,"column":0},"end":{"line":1,"column":44}},"1":{"start":{"line":2,"column":0},"end":{"line":2,"column":56}},"2":{"start":{"line":3,"column":0},"end":{"line":3,"column":70}},"3":{"start":{"line":4,"column":0},"end":{"line":4,"column":53}},"4":{"start":{"line":5,"column":0},"end":{"line":5,"column":73}},"5":{"start":{"line":6,"column":0},"end":{"line":6,"column":48}},"6":{"start":{"line":7,"column":0},"end":{"line":7,"column":55}},"7":{"start":{"line":10,"column":0},"end":{"line":10,"column":53}},"8":{"start":{"line":29,"column":19},"end":{"line":29,"column":32}},"9":{"start":{"line":30,"column":28},"end":{"line":37,"column":4}},"10":{"start":{"line":39,"column":2},"end":{"line":42,"column":null}},"11":{"start":{"line":40,"column":23},"end":{"line":40,"column":64}},"12":{"start":{"line":41,"column":4},"end":{"line":41,"column":58}},"13":{"start":{"line":41,"column":28},"end":{"line":41,"column":55}},"14":{"start":{"line":44,"column":2},"end":{"line":47,"column":null}},"15":{"start":{"line":45,"column":26},"end":{"line":45,"column":73}},"16":{"start":{"line":46,"column":4},"end":{"line":46,"column":61}},"17":{"start":{"line":46,"column":28},"end":{"line":46,"column":58}},"18":{"start":{"line":49,"column":31},"end":{"line":49,"column":93}},"19":{"start":{"line":51,"column":23},"end":{"line":66,"column":3}},"20":{"start":{"line":52,"column":4},"end":{"line":52,"column":63}},"21":{"start":{"line":52,"column":28},"end":{"line":52,"column":60}},"22":{"start":{"line":53,"column":4},"end":{"line":55,"column":5}},"23":{"start":{"line":54,"column":6},"end":{"line":54,"column":13}},"24":{"start":{"line":56,"column":4},"end":{"line":65,"column":5}},"25":{"start":{"line":57,"column":22},"end":{"line":60,"column":8}},"26":{"start":{"line":61,"column":6},"end":{"line":61,"column":54}},"27":{"start":{"line":62,"column":6},"end":{"line":62,"column":39}},"28":{"start":{"line":64,"column":6},"end":{"line":64,"column":null}},"29":{"start":{"line":64,"column":30},"end":{"line":64,"column":81}},"30":{"start":{"line":68,"column":2},"end":{"line":83,"column":null}},"31":{"start":{"line":28,"column":0},"end":{"line":28,"column":16}}},"fnMap":{"0":{"name":"Login","decl":{"start":{"line":28,"column":16},"end":{"line":28,"column":21}},"loc":{"start":{"line":28,"column":81},"end":{"line":84,"column":1}}},"1":{"name":"(anonymous_2)","decl":{"start":{"line":39,"column":12},"end":{"line":39,"column":15}},"loc":{"start":{"line":39,"column":17},"end":{"line":42,"column":3}}},"2":{"name":"(anonymous_3)","decl":{"start":{"line":41,"column":13},"end":{"line":41,"column":14}},"loc":{"start":{"line":41,"column":28},"end":{"line":41,"column":55}}},"3":{"name":"(anonymous_4)","decl":{"start":{"line":44,"column":12},"end":{"line":44,"column":15}},"loc":{"start":{"line":44,"column":17},"end":{"line":47,"column":3}}},"4":{"name":"(anonymous_5)","decl":{"start":{"line":46,"column":13},"end":{"line":46,"column":14}},"loc":{"start":{"line":46,"column":28},"end":{"line":46,"column":58}}},"5":{"name":"(anonymous_6)","decl":{"start":{"line":51,"column":23},"end":{"line":51,"column":28}},"loc":{"start":{"line":51,"column":49},"end":{"line":66,"column":3}}},"6":{"name":"(anonymous_7)","decl":{"start":{"line":52,"column":13},"end":{"line":52,"column":14}},"loc":{"start":{"line":52,"column":28},"end":{"line":52,"column":60}}},"7":{"name":"(anonymous_8)","decl":{"start":{"line":64,"column":15},"end":{"line":64,"column":16}},"loc":{"start":{"line":64,"column":30},"end":{"line":64,"column":81}}}},"branchMap":{"0":{"loc":{"start":{"line":49,"column":31},"end":{"line":49,"column":93}},"type":"binary-expr","locations":[{"start":{"line":49,"column":31},"end":{"line":49,"column":49}},{"start":{"line":49,"column":53},"end":{"line":49,"column":74}},{"start":{"line":49,"column":78},"end":{"line":49,"column":93}}]},"1":{"loc":{"start":{"line":53,"column":4},"end":{"line":55,"column":5}},"type":"if","locations":[{"start":{"line":53,"column":4},"end":{"line":55,"column":5}}]}},"s":{"0":1,"1":1,"2":1,"3":1,"4":1,"5":1,"6":1,"7":1,"8":668,"9":668,"10":668,"11":203,"12":203,"13":203,"14":668,"15":142,"16":142,"17":142,"18":668,"19":668,"20":5,"21":5,"22":5,"23":0,"24":5,"25":5,"26":4,"27":4,"28":1,"29":1,"30":668,"31":1},"f":{"0":668,"1":203,"2":203,"3":142,"4":142,"5":5,"6":5,"7":1},"b":{"0":[668,582,582],"1":[0]}}
,"C:\\Users\\Rodolfho\\Documents\\projetos\\react projects\\react-clean-arq\\src\\presentation\\tests\\mock-authentication.ts": {"path":"C:\\Users\\Rodolfho\\Documents\\projetos\\react projects\\react-clean-arq\\src\\presentation\\tests\\mock-authentication.ts","statementMap":{"0":{"start":{"line":5,"column":2},"end":{"line":5,"column":null}},"1":{"start":{"line":6,"column":2},"end":{"line":6,"column":null}},"2":{"start":{"line":7,"column":2},"end":{"line":7,"column":null}},"3":{"start":{"line":9,"column":4},"end":{"line":9,"column":25}},"4":{"start":{"line":10,"column":4},"end":{"line":10,"column":22}},"5":{"start":{"line":11,"column":4},"end":{"line":11,"column":41}},"6":{"start":{"line":4,"column":0},"end":{"line":4,"column":13}}},"fnMap":{"0":{"name":"(anonymous_0)","decl":{"start":{"line":4,"column":0},"end":{"line":4,"column":13}},"loc":{"start":{"line":4,"column":0},"end":{"line":13,"column":1}}},"1":{"name":"(anonymous_1)","decl":{"start":{"line":8,"column":2},"end":{"line":8,"column":7}},"loc":{"start":{"line":8,"column":41},"end":{"line":12,"column":3}}}},"branchMap":{},"s":{"0":14,"1":14,"2":14,"3":3,"4":3,"5":3,"6":1},"f":{"0":14,"1":3},"b":{}}
,"C:\\Users\\Rodolfho\\Documents\\projetos\\react projects\\react-clean-arq\\src\\presentation\\tests\\mock-save-access-token.ts": {"path":"C:\\Users\\Rodolfho\\Documents\\projetos\\react projects\\react-clean-arq\\src\\presentation\\tests\\mock-save-access-token.ts","statementMap":{"0":{"start":{"line":4,"column":2},"end":{"line":4,"column":null}},"1":{"start":{"line":7,"column":4},"end":{"line":7,"column":35}},"2":{"start":{"line":3,"column":0},"end":{"line":3,"column":13}}},"fnMap":{"0":{"name":"(anonymous_0)","decl":{"start":{"line":3,"column":0},"end":{"line":3,"column":13}},"loc":{"start":{"line":3,"column":0},"end":{"line":9,"column":1}}},"1":{"name":"(anonymous_1)","decl":{"start":{"line":6,"column":2},"end":{"line":6,"column":7}},"loc":{"start":{"line":6,"column":32},"end":{"line":8,"column":3}}}},"branchMap":{},"s":{"0":14,"1":4,"2":1},"f":{"0":14,"1":4},"b":{}}
,"C:\\Users\\Rodolfho\\Documents\\projetos\\react projects\\react-clean-arq\\src\\presentation\\tests\\mock-validation.ts": {"path":"C:\\Users\\Rodolfho\\Documents\\projetos\\react projects\\react-clean-arq\\src\\presentation\\tests\\mock-validation.ts","statementMap":{"0":{"start":{"line":4,"column":2},"end":{"line":4,"column":null}},"1":{"start":{"line":5,"column":2},"end":{"line":5,"column":null}},"2":{"start":{"line":6,"column":2},"end":{"line":6,"column":null}},"3":{"start":{"line":9,"column":4},"end":{"line":9,"column":31}},"4":{"start":{"line":10,"column":4},"end":{"line":10,"column":33}},"5":{"start":{"line":11,"column":4},"end":{"line":11,"column":29}},"6":{"start":{"line":3,"column":0},"end":{"line":3,"column":13}}},"fnMap":{"0":{"name":"(anonymous_0)","decl":{"start":{"line":3,"column":0},"end":{"line":3,"column":13}},"loc":{"start":{"line":3,"column":0},"end":{"line":13,"column":1}}},"1":{"name":"(anonymous_1)","decl":{"start":{"line":8,"column":2},"end":{"line":8,"column":10}},"loc":{"start":{"line":8,"column":48},"end":{"line":12,"column":3}}}},"branchMap":{},"s":{"0":14,"1":14,"2":14,"3":345,"4":345,"5":345,"6":1},"f":{"0":14,"1":345},"b":{}}
,"C:\\Users\\Rodolfho\\Documents\\projetos\\react projects\\react-clean-arq\\src\\validation\\errors\\invalid-field-error.ts": {"path":"C:\\Users\\Rodolfho\\Documents\\projetos\\react projects\\react-clean-arq\\src\\validation\\errors\\invalid-field-error.ts","statementMap":{"0":{"start":{"line":3,"column":4},"end":{"line":3,"column":28}},"1":{"start":{"line":4,"column":4},"end":{"line":4,"column":36}},"2":{"start":{"line":1,"column":0},"end":{"line":1,"column":13}}},"fnMap":{"0":{"name":"(anonymous_0)","decl":{"start":{"line":2,"column":2},"end":{"line":2,"column":null}},"loc":{"start":{"line":2,"column":2},"end":{"line":5,"column":3}}}},"branchMap":{},"s":{"0":6,"1":6,"2":5},"f":{"0":6},"b":{}}
,"C:\\Users\\Rodolfho\\Documents\\projetos\\react projects\\react-clean-arq\\src\\validation\\errors\\required-field-error.ts": {"path":"C:\\Users\\Rodolfho\\Documents\\projetos\\react projects\\react-clean-arq\\src\\validation\\errors\\required-field-error.ts","statementMap":{"0":{"start":{"line":3,"column":4},"end":{"line":3,"column":31}},"1":{"start":{"line":4,"column":4},"end":{"line":4,"column":null}},"2":{"start":{"line":1,"column":0},"end":{"line":1,"column":13}}},"fnMap":{"0":{"name":"(anonymous_0)","decl":{"start":{"line":2,"column":2},"end":{"line":2,"column":null}},"loc":{"start":{"line":2,"column":2},"end":{"line":5,"column":3}}}},"branchMap":{},"s":{"0":2,"1":2,"2":3},"f":{"0":2},"b":{}}
,"C:\\Users\\Rodolfho\\Documents\\projetos\\react projects\\react-clean-arq\\src\\validation\\test\\mock-field-validation.ts": {"path":"C:\\Users\\Rodolfho\\Documents\\projetos\\react projects\\react-clean-arq\\src\\validation\\test\\mock-field-validation.ts","statementMap":{"0":{"start":{"line":6,"column":14},"end":{"line":6,"column":39}},"1":{"start":{"line":4,"column":2},"end":{"line":4,"column":null}},"2":{"start":{"line":5,"column":2},"end":{"line":5,"column":null}},"3":{"start":{"line":8,"column":4},"end":{"line":8,"column":23}},"4":{"start":{"line":9,"column":4},"end":{"line":9,"column":22}},"5":{"start":{"line":3,"column":0},"end":{"line":3,"column":13}}},"fnMap":{"0":{"name":"(anonymous_0)","decl":{"start":{"line":6,"column":2},"end":{"line":6,"column":14}},"loc":{"start":{"line":6,"column":36},"end":{"line":6,"column":40}}},"1":{"name":"(anonymous_1)","decl":{"start":{"line":7,"column":2},"end":{"line":7,"column":10}},"loc":{"start":{"line":7,"column":24},"end":{"line":10,"column":3}}}},"branchMap":{},"s":{"0":4,"1":4,"2":4,"3":3,"4":3,"5":1},"f":{"0":4,"1":3},"b":{}}
,"C:\\Users\\Rodolfho\\Documents\\projetos\\react projects\\react-clean-arq\\src\\validation\\validators\\builder\\validation-builder.ts": {"path":"C:\\Users\\Rodolfho\\Documents\\projetos\\react projects\\react-clean-arq\\src\\validation\\validators\\builder\\validation-builder.ts","statementMap":{"0":{"start":{"line":2,"column":0},"end":{"line":2,"column":60}},"1":{"start":{"line":3,"column":0},"end":{"line":3,"column":74}},"2":{"start":{"line":4,"column":0},"end":{"line":4,"column":86}},"3":{"start":{"line":8,"column":4},"end":{"line":8,"column":null}},"4":{"start":{"line":9,"column":4},"end":{"line":9,"column":null}},"5":{"start":{"line":13,"column":4},"end":{"line":13,"column":48}},"6":{"start":{"line":17,"column":36},"end":{"line":17,"column":79}},"7":{"start":{"line":18,"column":4},"end":{"line":18,"column":51}},"8":{"start":{"line":19,"column":4},"end":{"line":19,"column":16}},"9":{"start":{"line":23,"column":28},"end":{"line":23,"column":63}},"10":{"start":{"line":24,"column":4},"end":{"line":24,"column":43}},"11":{"start":{"line":25,"column":4},"end":{"line":25,"column":16}},"12":{"start":{"line":29,"column":32},"end":{"line":29,"column":79}},"13":{"start":{"line":30,"column":4},"end":{"line":30,"column":47}},"14":{"start":{"line":31,"column":4},"end":{"line":31,"column":16}},"15":{"start":{"line":35,"column":4},"end":{"line":35,"column":28}},"16":{"start":{"line":6,"column":0},"end":{"line":6,"column":13}}},"fnMap":{"0":{"name":"(anonymous_0)","decl":{"start":{"line":7,"column":2},"end":{"line":7,"column":null}},"loc":{"start":{"line":9,"column":42},"end":{"line":10,"column":6}}},"1":{"name":"(anonymous_1)","decl":{"start":{"line":12,"column":2},"end":{"line":12,"column":8}},"loc":{"start":{"line":12,"column":32},"end":{"line":14,"column":3}}},"2":{"name":"(anonymous_2)","decl":{"start":{"line":16,"column":2},"end":{"line":16,"column":10}},"loc":{"start":{"line":16,"column":10},"end":{"line":20,"column":3}}},"3":{"name":"(anonymous_3)","decl":{"start":{"line":22,"column":2},"end":{"line":22,"column":7}},"loc":{"start":{"line":22,"column":7},"end":{"line":26,"column":3}}},"4":{"name":"(anonymous_4)","decl":{"start":{"line":28,"column":2},"end":{"line":28,"column":11}},"loc":{"start":{"line":28,"column":26},"end":{"line":32,"column":3}}},"5":{"name":"(anonymous_5)","decl":{"start":{"line":34,"column":2},"end":{"line":34,"column":7}},"loc":{"start":{"line":34,"column":7},"end":{"line":36,"column":3}}}},"branchMap":{},"s":{"0":2,"1":2,"2":2,"3":8,"4":8,"5":8,"6":6,"7":6,"8":6,"9":4,"10":4,"11":4,"12":4,"13":4,"14":4,"15":8,"16":2},"f":{"0":8,"1":8,"2":6,"3":4,"4":4,"5":8},"b":{}}
,"C:\\Users\\Rodolfho\\Documents\\projetos\\react projects\\react-clean-arq\\src\\validation\\validators\\compare-fields\\compare-fields-validation.ts": {"path":"C:\\Users\\Rodolfho\\Documents\\projetos\\react projects\\react-clean-arq\\src\\validation\\validators\\compare-fields\\compare-fields-validation.ts","statementMap":{"0":{"start":{"line":1,"column":0},"end":{"line":1,"column":69}},"1":{"start":{"line":6,"column":4},"end":{"line":6,"column":null}},"2":{"start":{"line":7,"column":4},"end":{"line":7,"column":null}},"3":{"start":{"line":11,"column":4},"end":{"line":11,"column":74}},"4":{"start":{"line":4,"column":0},"end":{"line":4,"column":13}}},"fnMap":{"0":{"name":"(anonymous_0)","decl":{"start":{"line":5,"column":2},"end":{"line":5,"column":null}},"loc":{"start":{"line":7,"column":35},"end":{"line":8,"column":6}}},"1":{"name":"(anonymous_1)","decl":{"start":{"line":10,"column":2},"end":{"line":10,"column":10}},"loc":{"start":{"line":10,"column":24},"end":{"line":12,"column":3}}}},"branchMap":{"0":{"loc":{"start":{"line":11,"column":11},"end":{"line":11,"column":73}},"type":"cond-expr","locations":[{"start":{"line":11,"column":43},"end":{"line":11,"column":47}},{"start":{"line":11,"column":50},"end":{"line":11,"column":73}}]}},"s":{"0":1,"1":2,"2":2,"3":2,"4":1},"f":{"0":2,"1":2},"b":{"0":[1,1]}}
,"C:\\Users\\Rodolfho\\Documents\\projetos\\react projects\\react-clean-arq\\src\\validation\\validators\\email\\email-validation.ts": {"path":"C:\\Users\\Rodolfho\\Documents\\projetos\\react projects\\react-clean-arq\\src\\validation\\validators\\email\\email-validation.ts","statementMap":{"0":{"start":{"line":1,"column":0},"end":{"line":1,"column":69}},"1":{"start":{"line":5,"column":14},"end":{"line":5,"column":39}},"2":{"start":{"line":8,"column":23},"end":{"line":8,"column":141}},"3":{"start":{"line":9,"column":4},"end":{"line":9,"column":77}},"4":{"start":{"line":4,"column":0},"end":{"line":4,"column":13}}},"fnMap":{"0":{"name":"(anonymous_0)","decl":{"start":{"line":5,"column":2},"end":{"line":5,"column":14}},"loc":{"start":{"line":5,"column":36},"end":{"line":5,"column":40}}},"1":{"name":"(anonymous_1)","decl":{"start":{"line":7,"column":2},"end":{"line":7,"column":10}},"loc":{"start":{"line":7,"column":24},"end":{"line":10,"column":3}}}},"branchMap":{"0":{"loc":{"start":{"line":9,"column":11},"end":{"line":9,"column":76}},"type":"cond-expr","locations":[{"start":{"line":9,"column":46},"end":{"line":9,"column":50}},{"start":{"line":9,"column":53},"end":{"line":9,"column":76}}]},"1":{"loc":{"start":{"line":9,"column":11},"end":{"line":9,"column":43}},"type":"binary-expr","locations":[{"start":{"line":9,"column":11},"end":{"line":9,"column":33}},{"start":{"line":9,"column":37},"end":{"line":9,"column":43}}]}},"s":{"0":3,"1":9,"2":3,"3":3,"4":3},"f":{"0":9,"1":3},"b":{"0":[2,1],"1":[3,2]}}
,"C:\\Users\\Rodolfho\\Documents\\projetos\\react projects\\react-clean-arq\\src\\validation\\validators\\min-length\\min-length-validation.ts": {"path":"C:\\Users\\Rodolfho\\Documents\\projetos\\react projects\\react-clean-arq\\src\\validation\\validators\\min-length\\min-length-validation.ts","statementMap":{"0":{"start":{"line":1,"column":0},"end":{"line":1,"column":69}},"1":{"start":{"line":5,"column":14},"end":{"line":5,"column":38}},"2":{"start":{"line":5,"column":38},"end":{"line":5,"column":75}},"3":{"start":{"line":8,"column":4},"end":{"line":8,"column":75}},"4":{"start":{"line":4,"column":0},"end":{"line":4,"column":13}}},"fnMap":{"0":{"name":"(anonymous_0)","decl":{"start":{"line":5,"column":2},"end":{"line":5,"column":14}},"loc":{"start":{"line":5,"column":72},"end":{"line":5,"column":76}}},"1":{"name":"(anonymous_1)","decl":{"start":{"line":7,"column":2},"end":{"line":7,"column":10}},"loc":{"start":{"line":7,"column":24},"end":{"line":9,"column":3}}}},"branchMap":{"0":{"loc":{"start":{"line":8,"column":11},"end":{"line":8,"column":74}},"type":"cond-expr","locations":[{"start":{"line":8,"column":44},"end":{"line":8,"column":48}},{"start":{"line":8,"column":51},"end":{"line":8,"column":74}}]}},"s":{"0":3,"1":8,"2":8,"3":2,"4":3},"f":{"0":8,"1":2},"b":{"0":[1,1]}}
,"C:\\Users\\Rodolfho\\Documents\\projetos\\react projects\\react-clean-arq\\src\\validation\\validators\\required-field\\required-field-validation.ts": {"path":"C:\\Users\\Rodolfho\\Documents\\projetos\\react projects\\react-clean-arq\\src\\validation\\validators\\required-field\\required-field-validation.ts","statementMap":{"0":{"start":{"line":1,"column":0},"end":{"line":1,"column":71}},"1":{"start":{"line":5,"column":14},"end":{"line":5,"column":39}},"2":{"start":{"line":7,"column":4},"end":{"line":7,"column":51}},"3":{"start":{"line":4,"column":0},"end":{"line":4,"column":13}}},"fnMap":{"0":{"name":"(anonymous_0)","decl":{"start":{"line":5,"column":2},"end":{"line":5,"column":14}},"loc":{"start":{"line":5,"column":36},"end":{"line":5,"column":40}}},"1":{"name":"(anonymous_1)","decl":{"start":{"line":6,"column":2},"end":{"line":6,"column":10}},"loc":{"start":{"line":6,"column":24},"end":{"line":8,"column":3}}}},"branchMap":{"0":{"loc":{"start":{"line":7,"column":11},"end":{"line":7,"column":50}},"type":"cond-expr","locations":[{"start":{"line":7,"column":19},"end":{"line":7,"column":23}},{"start":{"line":7,"column":26},"end":{"line":7,"column":50}}]}},"s":{"0":3,"1":10,"2":2,"3":3},"f":{"0":10,"1":2},"b":{"0":[1,1]}}
,"C:\\Users\\Rodolfho\\Documents\\projetos\\react projects\\react-clean-arq\\src\\validation\\validators\\validation-composite\\validation-composite.ts": {"path":"C:\\Users\\Rodolfho\\Documents\\projetos\\react projects\\react-clean-arq\\src\\validation\\validators\\validation-composite\\validation-composite.ts","statementMap":{"0":{"start":{"line":5,"column":22},"end":{"line":5,"column":71}},"1":{"start":{"line":8,"column":4},"end":{"line":8,"column":47}},"2":{"start":{"line":12,"column":23},"end":{"line":12,"column":75}},"3":{"start":{"line":12,"column":53},"end":{"line":12,"column":74}},"4":{"start":{"line":13,"column":4},"end":{"line":18,"column":5}},"5":{"start":{"line":14,"column":20},"end":{"line":14,"column":50}},"6":{"start":{"line":15,"column":6},"end":{"line":17,"column":7}},"7":{"start":{"line":16,"column":8},"end":{"line":16,"column":29}},"8":{"start":{"line":19,"column":4},"end":{"line":19,"column":17}},"9":{"start":{"line":4,"column":0},"end":{"line":4,"column":13}}},"fnMap":{"0":{"name":"(anonymous_0)","decl":{"start":{"line":5,"column":2},"end":{"line":5,"column":22}},"loc":{"start":{"line":5,"column":68},"end":{"line":5,"column":72}}},"1":{"name":"(anonymous_1)","decl":{"start":{"line":7,"column":2},"end":{"line":7,"column":8}},"loc":{"start":{"line":7,"column":44},"end":{"line":9,"column":3}}},"2":{"name":"(anonymous_2)","decl":{"start":{"line":11,"column":2},"end":{"line":11,"column":10}},"loc":{"start":{"line":11,"column":48},"end":{"line":20,"column":3}}},"3":{"name":"(anonymous_3)","decl":{"start":{"line":12,"column":46},"end":{"line":12,"column":47}},"loc":{"start":{"line":12,"column":53},"end":{"line":12,"column":74}}}},"branchMap":{"0":{"loc":{"start":{"line":15,"column":6},"end":{"line":17,"column":7}},"type":"if","locations":[{"start":{"line":15,"column":6},"end":{"line":17,"column":7}}]}},"s":{"0":4,"1":4,"2":2,"3":4,"4":2,"5":3,"6":3,"7":1,"8":1,"9":2},"f":{"0":4,"1":4,"2":2,"3":4},"b":{"0":[1]}}
}
