TN:
SF:src\data\protocols\http\http-response.ts
FN:1,(anonymous_0)
FNF:1
FNH:1
FNDA:3,(anonymous_0)
DA:1,3
DA:2,3
DA:3,3
DA:4,3
DA:5,3
DA:6,3
DA:7,3
DA:8,3
LF:8
LH:8
BRDA:1,0,0,3
BRDA:1,0,1,3
BRF:2
BRH:2
end_of_record
TN:
SF:src\data\tests\mock-http.ts
FN:5,(anonymous_0)
FN:12,(anonymous_1)
FN:19,(anonymous_2)
FNF:3
FNH:3
FNDA:3,(anonymous_0)
FNDA:14,(anonymous_1)
FNDA:14,(anonymous_2)
DA:1,3
DA:3,3
DA:5,3
DA:12,3
DA:13,14
DA:14,14
DA:15,14
DA:20,14
DA:21,14
DA:22,14
LF:10
LH:10
BRF:0
BRH:0
end_of_record
TN:
SF:src\data\tests\mock-storage.ts
FN:3,(anonymous_0)
FN:7,(anonymous_1)
FNF:2
FNH:2
FNDA:2,(anonymous_0)
FNDA:1,(anonymous_1)
DA:3,1
DA:4,2
DA:5,2
DA:8,1
DA:9,1
LF:5
LH:5
BRF:0
BRH:0
end_of_record
TN:
SF:src\data\usecases\add-account\remote-add-account.ts
FN:9,(anonymous_0)
FN:14,(anonymous_1)
FNF:2
FNH:2
FNDA:7,(anonymous_0)
FNDA:7,(anonymous_1)
DA:1,1
DA:2,1
DA:6,1
DA:8,1
DA:10,7
DA:11,7
DA:15,7
DA:16,7
DA:18,3
DA:19,3
DA:20,1
DA:21,1
DA:22,2
LF:13
LH:13
BRDA:16,0,0,3
BRDA:16,0,1,1
BRDA:16,0,2,1
BRDA:16,0,3,2
BRDA:18,1,0,0
BRF:5
BRH:4
end_of_record
TN:
SF:src\data\usecases\authentication\remote-authentication.ts
FN:9,(anonymous_0)
FN:14,(anonymous_1)
FNF:2
FNH:2
FNDA:7,(anonymous_0)
FNDA:7,(anonymous_1)
DA:1,1
DA:2,1
DA:6,1
DA:8,1
DA:10,7
DA:11,7
DA:15,7
DA:16,7
DA:18,3
DA:19,2
DA:21,1
DA:23,1
DA:25,3
LF:13
LH:13
BRDA:16,0,0,3
BRDA:16,0,1,1
BRDA:16,0,2,3
BRDA:18,1,0,2
BRF:4
BRH:4
end_of_record
TN:
SF:src\data\usecases\save-access-token\local-save-access-token.ts
FN:6,(anonymous_0)
FN:8,(anonymous_1)
FNF:2
FNH:2
FNDA:2,(anonymous_0)
FNDA:2,(anonymous_1)
DA:4,1
DA:6,2
DA:9,2
LF:3
LH:3
BRF:0
BRH:0
end_of_record
TN:
SF:src\domain\error\email-in-use-error.ts
FN:2,(anonymous_0)
FNF:1
FNH:1
FNDA:2,(anonymous_0)
DA:1,1
DA:3,2
DA:4,2
LF:3
LH:3
BRF:0
BRH:0
end_of_record
TN:
SF:src\domain\error\invalid-credentials-error.ts
FN:2,(anonymous_0)
FNF:1
FNH:1
FNDA:3,(anonymous_0)
DA:1,2
DA:3,3
DA:4,3
LF:3
LH:3
BRF:0
BRH:0
end_of_record
TN:
SF:src\domain\error\unexpected-error.ts
FN:2,(anonymous_0)
FNF:1
FNH:1
FNDA:16,(anonymous_0)
DA:1,2
DA:3,16
DA:4,16
LF:3
LH:3
BRF:0
BRH:0
end_of_record
TN:
SF:src\domain\tests\mock-account.ts
FN:5,(anonymous_0)
FN:10,(anonymous_1)
FNF:2
FNH:2
FNDA:7,(anonymous_0)
FNDA:2,(anonymous_1)
DA:3,2
DA:5,7
DA:10,2
LF:3
LH:3
BRF:0
BRH:0
end_of_record
TN:
SF:src\domain\tests\mock-add-account.ts
FN:4,(anonymous_0)
FNF:1
FNH:1
FNDA:7,(anonymous_0)
DA:2,1
DA:4,1
DA:5,7
DA:6,7
LF:4
LH:4
BRF:0
BRH:0
end_of_record
TN:
SF:src\infra\cache\local-storage-adapter.ts
FN:4,(anonymous_0)
FNF:1
FNH:1
FNDA:1,(anonymous_0)
DA:3,1
DA:5,1
LF:2
LH:2
BRF:0
BRH:0
end_of_record
TN:
SF:src\infra\http\axios-http-client\axios-http-client.ts
FN:6,(anonymous_1)
FNF:1
FNH:1
FNDA:3,(anonymous_1)
DA:2,1
DA:5,1
DA:8,3
DA:9,3
DA:11,1
DA:13,3
LF:6
LH:6
BRF:0
BRH:0
end_of_record
TN:
SF:src\infra\test\mock-axios.ts
FN:4,(anonymous_1)
FNF:1
FNH:1
FNDA:3,(anonymous_1)
DA:1,1
DA:2,1
DA:4,1
DA:5,3
DA:6,3
DA:10,3
LF:6
LH:6
BRF:0
BRH:0
end_of_record
TN:
SF:src\main\factories\pages\login\login-validation-factory.ts
FN:4,makeLoginValidation
FNF:1
FNH:1
FNDA:1,makeLoginValidation
DA:1,1
DA:2,1
DA:4,1
DA:5,1
LF:4
LH:4
BRF:0
BRH:0
end_of_record
TN:
SF:src\presentation\components\footer\footer.tsx
FN:4,Footer
FNF:1
FNH:1
FNDA:14,Footer
DA:1,1
DA:2,1
DA:4,1
DA:5,14
LF:4
LH:4
BRF:0
BRH:0
end_of_record
TN:
SF:src\presentation\components\form-status\form-status.tsx
FN:6,FormStatus
FNF:1
FNH:1
FNDA:668,FormStatus
DA:1,1
DA:2,1
DA:3,1
DA:4,1
DA:6,1
DA:7,668
DA:9,668
LF:7
LH:7
BRDA:11,0,0,668
BRDA:11,0,1,5
BRDA:12,1,0,668
BRDA:12,1,1,1
BRF:4
BRH:4
end_of_record
TN:
SF:src\presentation\components\input\input.tsx
FN:7,Input
FN:11,(anonymous_2)
FNF:2
FNH:2
FNDA:1336,Input
FNDA:317,(anonymous_2)
DA:1,1
DA:2,1
DA:3,1
DA:7,1
DA:8,1336
DA:9,1336
DA:11,1336
DA:12,317
DA:15,1336
LF:9
LH:9
BRDA:18,0,0,1336
BRDA:18,0,1,1164
BRDA:19,1,0,172
BRDA:19,1,1,1164
BRF:4
BRH:4
end_of_record
TN:
SF:src\presentation\components\login-header\login-header.tsx
FN:4,LoginHeader
FNF:1
FNH:1
FNDA:14,LoginHeader
DA:1,1
DA:2,1
DA:4,1
DA:5,14
LF:4
LH:4
BRF:0
BRH:0
end_of_record
TN:
SF:src\presentation\components\spinner\spinner.tsx
FN:3,Spinner
FNF:1
FNH:1
FNDA:5,Spinner
DA:1,1
DA:3,1
DA:4,5
LF:3
LH:3
BRF:0
BRH:0
end_of_record
TN:
SF:src\presentation\contexts\form\form-context.ts
FNF:0
FNH:0
DA:1,1
DA:3,1
LF:2
LH:2
BRF:0
BRH:0
end_of_record
TN:
SF:src\presentation\pages\login\login.tsx
FN:28,Login
FN:39,(anonymous_2)
FN:41,(anonymous_3)
FN:44,(anonymous_4)
FN:46,(anonymous_5)
FN:51,(anonymous_6)
FN:52,(anonymous_7)
FN:64,(anonymous_8)
FNF:8
FNH:8
FNDA:668,Login
FNDA:203,(anonymous_2)
FNDA:203,(anonymous_3)
FNDA:142,(anonymous_4)
FNDA:142,(anonymous_5)
FNDA:5,(anonymous_6)
FNDA:5,(anonymous_7)
FNDA:1,(anonymous_8)
DA:1,1
DA:2,1
DA:3,1
DA:4,1
DA:5,1
DA:6,1
DA:7,1
DA:10,1
DA:28,1
DA:29,668
DA:30,668
DA:39,668
DA:40,203
DA:41,203
DA:44,668
DA:45,142
DA:46,142
DA:49,668
DA:51,668
DA:52,5
DA:53,5
DA:54,0
DA:56,5
DA:57,5
DA:61,4
DA:62,4
DA:64,1
DA:68,668
LF:28
LH:27
BRDA:49,0,0,668
BRDA:49,0,1,582
BRDA:49,0,2,582
BRDA:53,1,0,0
BRF:4
BRH:3
end_of_record
TN:
SF:src\presentation\tests\mock-authentication.ts
FN:4,(anonymous_0)
FN:8,(anonymous_1)
FNF:2
FNH:2
FNDA:14,(anonymous_0)
FNDA:3,(anonymous_1)
DA:4,1
DA:5,14
DA:6,14
DA:7,14
DA:9,3
DA:10,3
DA:11,3
LF:7
LH:7
BRF:0
BRH:0
end_of_record
TN:
SF:src\presentation\tests\mock-save-access-token.ts
FN:3,(anonymous_0)
FN:6,(anonymous_1)
FNF:2
FNH:2
FNDA:14,(anonymous_0)
FNDA:4,(anonymous_1)
DA:3,1
DA:4,14
DA:7,4
LF:3
LH:3
BRF:0
BRH:0
end_of_record
TN:
SF:src\presentation\tests\mock-validation.ts
FN:3,(anonymous_0)
FN:8,(anonymous_1)
FNF:2
FNH:2
FNDA:14,(anonymous_0)
FNDA:345,(anonymous_1)
DA:3,1
DA:4,14
DA:5,14
DA:6,14
DA:9,345
DA:10,345
DA:11,345
LF:7
LH:7
BRF:0
BRH:0
end_of_record
TN:
SF:src\validation\errors\invalid-field-error.ts
FN:2,(anonymous_0)
FNF:1
FNH:1
FNDA:6,(anonymous_0)
DA:1,5
DA:3,6
DA:4,6
LF:3
LH:3
BRF:0
BRH:0
end_of_record
TN:
SF:src\validation\errors\required-field-error.ts
FN:2,(anonymous_0)
FNF:1
FNH:1
FNDA:2,(anonymous_0)
DA:1,3
DA:3,2
DA:4,2
LF:3
LH:3
BRF:0
BRH:0
end_of_record
TN:
SF:src\validation\test\mock-field-validation.ts
FN:6,(anonymous_0)
FN:7,(anonymous_1)
FNF:2
FNH:2
FNDA:4,(anonymous_0)
FNDA:3,(anonymous_1)
DA:3,1
DA:4,4
DA:5,4
DA:6,4
DA:8,3
DA:9,3
LF:6
LH:6
BRF:0
BRH:0
end_of_record
TN:
SF:src\validation\validators\builder\validation-builder.ts
FN:7,(anonymous_0)
FN:12,(anonymous_1)
FN:16,(anonymous_2)
FN:22,(anonymous_3)
FN:28,(anonymous_4)
FN:34,(anonymous_5)
FNF:6
FNH:6
FNDA:8,(anonymous_0)
FNDA:8,(anonymous_1)
FNDA:6,(anonymous_2)
FNDA:4,(anonymous_3)
FNDA:4,(anonymous_4)
FNDA:8,(anonymous_5)
DA:2,2
DA:3,2
DA:4,2
DA:6,2
DA:8,8
DA:9,8
DA:13,8
DA:17,6
DA:18,6
DA:19,6
DA:23,4
DA:24,4
DA:25,4
DA:29,4
DA:30,4
DA:31,4
DA:35,8
LF:17
LH:17
BRF:0
BRH:0
end_of_record
TN:
SF:src\validation\validators\compare-fields\compare-fields-validation.ts
FN:5,(anonymous_0)
FN:10,(anonymous_1)
FNF:2
FNH:2
FNDA:2,(anonymous_0)
FNDA:2,(anonymous_1)
DA:1,1
DA:4,1
DA:6,2
DA:7,2
DA:11,2
LF:5
LH:5
BRDA:11,0,0,1
BRDA:11,0,1,1
BRF:2
BRH:2
end_of_record
TN:
SF:src\validation\validators\email\email-validation.ts
FN:5,(anonymous_0)
FN:7,(anonymous_1)
FNF:2
FNH:2
FNDA:9,(anonymous_0)
FNDA:3,(anonymous_1)
DA:1,3
DA:4,3
DA:5,9
DA:8,3
DA:9,3
LF:5
LH:5
BRDA:9,0,0,2
BRDA:9,0,1,1
BRDA:9,1,0,3
BRDA:9,1,1,2
BRF:4
BRH:4
end_of_record
TN:
SF:src\validation\validators\min-length\min-length-validation.ts
FN:5,(anonymous_0)
FN:7,(anonymous_1)
FNF:2
FNH:2
FNDA:8,(anonymous_0)
FNDA:2,(anonymous_1)
DA:1,3
DA:4,3
DA:5,8
DA:8,2
LF:4
LH:4
BRDA:8,0,0,1
BRDA:8,0,1,1
BRF:2
BRH:2
end_of_record
TN:
SF:src\validation\validators\required-field\required-field-validation.ts
FN:5,(anonymous_0)
FN:6,(anonymous_1)
FNF:2
FNH:2
FNDA:10,(anonymous_0)
FNDA:2,(anonymous_1)
DA:1,3
DA:4,3
DA:5,10
DA:7,2
LF:4
LH:4
BRDA:7,0,0,1
BRDA:7,0,1,1
BRF:2
BRH:2
end_of_record
TN:
SF:src\validation\validators\validation-composite\validation-composite.ts
FN:5,(anonymous_0)
FN:7,(anonymous_1)
FN:11,(anonymous_2)
FN:12,(anonymous_3)
FNF:4
FNH:4
FNDA:4,(anonymous_0)
FNDA:4,(anonymous_1)
FNDA:2,(anonymous_2)
FNDA:4,(anonymous_3)
DA:4,2
DA:5,4
DA:8,4
DA:12,4
DA:13,2
DA:14,3
DA:15,3
DA:16,1
DA:19,1
LF:9
LH:9
BRDA:15,0,0,1
BRF:1
BRH:1
end_of_record
